Performing C SOURCE FILE Test CMAKE_HAVE_LIBC_PTHREAD failed with the following output:
Change Dir: /home/wiloonwy/workspace/my-projects/Cx/CMakeFiles/CMakeTmp

Run Build Command(s):/usr/bin/make cmTC_55300/fast && /usr/bin/make  -f CMakeFiles/cmTC_55300.dir/build.make CMakeFiles/cmTC_55300.dir/build
make[1]: Entering directory '/home/wiloonwy/workspace/my-projects/Cx/CMakeFiles/CMakeTmp'
Building C object CMakeFiles/cmTC_55300.dir/src.c.o
/usr/bin/cc   -DCMAKE_HAVE_LIBC_PTHREAD   -std=gnu11 -o CMakeFiles/cmTC_55300.dir/src.c.o   -c /home/wiloonwy/workspace/my-projects/Cx/CMakeFiles/CMakeTmp/src.c
Linking C executable cmTC_55300
/home/wiloonwy/apps/clion/clion-2020.3.2/bin/cmake/linux/bin/cmake -E cmake_link_script CMakeFiles/cmTC_55300.dir/link.txt --verbose=1
/usr/bin/cc  -DCMAKE_HAVE_LIBC_PTHREAD    CMakeFiles/cmTC_55300.dir/src.c.o  -o cmTC_55300 
/usr/bin/ld: CMakeFiles/cmTC_55300.dir/src.c.o: in function `main':
src.c:(.text+0x2f): undefined reference to `pthread_create'
/usr/bin/ld: src.c:(.text+0x3b): undefined reference to `pthread_detach'
/usr/bin/ld: src.c:(.text+0x47): undefined reference to `pthread_cancel'
/usr/bin/ld: src.c:(.text+0x58): undefined reference to `pthread_join'
collect2: error: ld returned 1 exit status
make[1]: *** [CMakeFiles/cmTC_55300.dir/build.make:107: cmTC_55300] Error 1
make[1]: Leaving directory '/home/wiloonwy/workspace/my-projects/Cx/CMakeFiles/CMakeTmp'
make: *** [Makefile:141: cmTC_55300/fast] Error 2


Source file was:
#include <pthread.h>

void* test_func(void* data)
{
  return data;
}

int main(void)
{
  pthread_t thread;
  pthread_create(&thread, NULL, test_func, NULL);
  pthread_detach(thread);
  pthread_cancel(thread);
  pthread_join(thread, NULL);
  pthread_atfork(NULL, NULL, NULL);
  pthread_exit(NULL);

  return 0;
}

